<?xml version="1.0" encoding="UTF-8"?>
<!-- Generated by org.testng.reporters.JUnitReportReporter -->
<testsuite skipped="0" hostname="MacBook-Pro.local" name="Runner.DefaultRunner" tests="4" failures="1" timestamp="28 Jul 2019 18:52:39 GMT" time="250.452" errors="0">
  <testcase name="feature" time="134.603" classname="Runner.DefaultRunner"/>
  <testcase name="feature" time="35.017" classname="Runner.DefaultRunner"/>
  <testcase name="feature" time="50.243" classname="Runner.DefaultRunner"/>
  <testcase name="feature" time="30.589" classname="Runner.DefaultRunner">
    <failure type="java.lang.AssertionError" message="Title Doesn&#039;t Match expected [Your Application] but found [Credit Cards: Find &amp; Apply for a Credit Card Online at Bank of America]">
      <![CDATA[java.lang.AssertionError: Title Doesn't Match expected [Your Application] but found [Credit Cards: Find & Apply for a Credit Card Online at Bank of America]
at org.testng.Assert.fail(Assert.java:96)
at org.testng.Assert.failNotEquals(Assert.java:776)
at org.testng.Assert.assertEqualsImpl(Assert.java:137)
at org.testng.Assert.assertEquals(Assert.java:118)
at org.testng.Assert.assertEquals(Assert.java:453)
at Steps.GUIStepDefination.user_Verify_the_Title(GUIStepDefination.java:85)
at âœ½.user Verify the Title(file:Applicationinfo.feature:43)
]]>
    </failure>
  </testcase> <!-- feature -->
</testsuite> <!-- Runner.DefaultRunner -->
